<?xml version="1.0" encoding="UTF-8"?>
<!-- Generated by org.testng.reporters.JUnitReportReporter -->
<testsuite skipped="0" hostname="amw-g1" name="desktopapp.Buildbox" tests="1" failures="0" timestamp="31 Jan 2018 06:40:22 GMT" time="44.353" errors="0">
  <testcase name="desktop_app" time="44.353" classname="desktopapp.Buildbox"/>
</testsuite> <!-- desktopapp.Buildbox -->
